2023/7/06-09:39:21  POST /users/login 403- 324.600 mS

2023/7/06-09:39:21  POST /users/login 403- 433.346 mS
2023/7/06-09:57:49  GET /cards/64a1381a52134af4facade8b 404- 658.351 mS
2023/7/06-09:57:50  GET /cards/64a1381a52134af4facade8b 404- 577.464 mS
2023/7/06-09:58:14  POST /users/login 403- 589.201 mS
2023/7/06-09:58:15  POST /users/login 403- 490.426 mS
2023/7/06-10:40:14  POST /users/login 500- 10080.807 mS
2023/7/06-10:40:14  POST /users/login 500- 10019.826 mS
2023/7/06-10:40:15  POST /users/login 500- 10016.058 mS
2023/7/06-10:40:15  POST /users/login 500- 10017.036 mS
2023/7/06-10:40:17  POST /users/login 500- 10016.482 mS
2023/7/06-10:40:17  POST /users/login 500- 10012.924 mS
2023/7/06-10:40:24  POST /users/login 500- 10020.377 mS
2023/7/06-10:40:24  POST /users/login 500- 10022.741 mS
2023/7/06-10:40:38  POST /users/login 500- 10018.027 mS
2023/7/06-10:40:38  POST /users/login 500- 10014.523 mS
2023/7/06-10:45:26  GET /cards 400- 10032.946 mS
2023/7/06-10:45:36  GET /cards 400- 10010.241 mS
2023/7/06-10:57:51  POST /users/login 403- 93.761 mS
2023/7/06-10:57:51  POST /users/login 403- 22.360 mS
2023/7/06-11:01:28  POST /users/login 403- 11.478 mS
2023/7/06-11:01:28  POST /users/login 403- 7.767 mS
2023/7/06-11:02:41  POST /users/login 403- 189.926 mS
2023/7/06-11:02:41  POST /users/login 403- 435.811 mS
2023/7/06-11:02:52  GET /cards/64a671a573b61c30f97e803c 404- 15.537 mS
2023/7/06-11:02:55  GET /cards/64a671a573b61c30f97e8038 404- 12.487 mS
2023/7/06-11:02:56  GET /cards/649851363752d5d5455d7df8 404- 17.471 mS
2023/7/06-11:08:43  GET /cards/64a676760ae540139b2d3aaa 404- 11.486 mS
2023/7/06-11:08:44  GET /cards/64a676760ae540139b2d3aa6 404- 13.976 mS
2023/7/06-11:08:45  GET /cards/64a676760ae540139b2d3aa1 404- 13.734 mS
2023/7/06-11:45:49  POST /users/login 403- 94.150 mS
2023/7/06-11:45:49  POST /users/login 403- 23.376 mS
2023/7/06-11:46:59  POST /users/login 403- 9.620 mS
2023/7/06-11:46:59  POST /users/login 403- 8.596 mS
2023/7/06-11:48:40  POST /users/login 403- 27.013 mS
2023/7/06-11:48:40  POST /users/login 403- 26.259 mS
2023/7/06-11:54:41  POST /users/login 403- 35.078 mS
2023/7/06-11:54:41  POST /users/login 403- 23.349 mS
2023/7/06-11:59:22  POST /users/login 403- 23.019 mS
2023/7/06-11:59:22  POST /users/login 403- 19.345 mS
2023/7/06-12:35:48  POST /users/login 403- 70.055 mS
2023/7/06-12:35:48  POST /users/login 403- 18.274 mS
2023/7/06-12:36:04  POST /users/login 403- 8.167 mS
2023/7/06-12:36:04  POST /users/login 403- 6.258 mS
2023/7/06-12:37:57  POST /users/login 403- 13.822 mS
2023/7/06-12:37:57  POST /users/login 403- 15.806 mS
2023/7/06-12:40:15  POST /users/login 403- 158.713 mS
2023/7/06-12:40:15  POST /users/login 403- 148.189 mS
2023/7/06-12:45:06  POST /users/login 403- 23.070 mS
2023/7/06-12:45:06  POST /users/login 403- 10.433 mS
2023/7/06-12:48:03  GET /cards/64a676760ae540139b2d3aaa 404- 2.788 mS
2023/7/06-12:48:04  GET /cards/64a676760ae540139b2d3aa6 404- 2.515 mS
2023/7/06-12:48:05  GET /cards/64a676760ae540139b2d3aa1 404- 2.227 mS
2023/7/06-12:48:14  GET /cards/64a676760ae540139b2d3aaa 404- 2.182 mS
2023/7/06-12:48:16  GET /cards/64a676760ae540139b2d3aa6 404- 2.594 mS
2023/7/06-12:48:17  GET /cards/64a676760ae540139b2d3aa1 404- 5.736 mS
2023/7/06-12:49:39  GET /cards/64a68e3142917c06aedb1f41 404- 7.203 mS
2023/7/06-12:49:40  GET /cards/64a68e3142917c06aedb1f41 404- 14.062 mS
2023/7/06-13:06:31  POST /users 400- 55.614 mS
2023/7/06-13:11:45  POST /users/login 403- 117.089 mS
2023/7/06-13:11:45  POST /users/login 403- 211.954 mS
2023/7/06-13:45:47  POST /users/login 403- 120.240 mS
2023/7/06-13:46:59  POST /users/login 403- 102.111 mS
2023/7/06-13:46:59  POST /users/login 403- 207.826 mS
2023/7/06-13:47:33  POST /users/login 403- 93.330 mS
2023/7/06-13:48:19  POST /users/login 403- 120.604 mS
2023/7/06-13:48:19  POST /users/login 403- 131.286 mS
2023/7/06-13:48:58  POST /users/login 403- 101.251 mS
2023/7/06-13:53:26  POST /users/login 403- 119.296 mS
2023/7/06-15:28:56  GET /cards/64a676760ae540139b2d3aaa 404- 7.215 mS
2023/7/06-15:29:09  GET /cards/64a676760ae540139b2d3aa6 404- 4.970 mS
2023/7/06-15:29:10  GET /cards/64a676760ae540139b2d3aa1 404- 5.456 mS
2023/7/06-15:29:14  GET /cards/64a676760ae540139b2d3aaa 404- 4.412 mS
2023/7/06-15:29:15  GET /cards/64a676760ae540139b2d3aa6 404- 4.281 mS
2023/7/06-15:29:16  GET /cards/64a676760ae540139b2d3aa1 404- 2.067 mS
2023/7/06-15:29:59  POST /users/login 403- 103.651 mS
2023/7/06-15:45:57  POST /users/login 403- 210.878 mS
2023/7/06-15:45:57  POST /users/login 403- 147.454 mS
2023/7/06-15:51:40  GET /cards/my-cards 403- 2.988 mS
2023/7/06-15:51:40  GET /cards/my-cards 403- 3.939 mS
2023/7/06-15:56:01  GET /cards/64a676760ae540139b2d3aaa 404- 8.117 mS
2023/7/06-15:56:02  GET /cards/64a676760ae540139b2d3aa6 404- 3.558 mS
2023/7/06-15:56:03  GET /cards/64a676760ae540139b2d3aa1 404- 6.264 mS
2023/7/06-15:56:36  GET /cards/64a6b9fff4b47cda44b1b7fa 404- 2.547 mS
2023/7/06-15:56:45  GET /cards/64a6b9fff4b47cda44b1b7fa 404- 8.773 mS
2023/7/06-15:56:45  GET /cards/64a6b9fff4b47cda44b1b7fa 404- 27.358 mS
2023/7/06-15:57:07  GET /cards/64a6b9fff4b47cda44b1b7fa 404- 2.957 mS
2023/7/06-15:57:08  GET /cards/64a6b9fff4b47cda44b1b7fa 404- 26.626 mS
2023/7/06-15:57:16  GET /cards/64a6b9fff4b47cda44b1b7fa 404- 5.835 mS
2023/7/06-15:57:16  GET /cards/64a6b9fff4b47cda44b1b7fa 404- 20.289 mS
2023/7/06-15:57:22  GET /cards/64a6b9fff4b47cda44b1b7fa 404- 6.584 mS
2023/7/06-15:57:22  GET /cards/64a6b9fff4b47cda44b1b7fa 404- 18.651 mS
2023/7/06-15:57:35  GET /cards/64a6b9fff4b47cda44b1b7fa 404- 6.492 mS
2023/7/06-15:57:35  GET /cards/64a6b9fff4b47cda44b1b7fa 404- 17.950 mS
2023/7/06-15:59:09  GET /cards/64a6b9fff4b47cda44b1b7fa 404- 4.477 mS
2023/7/06-15:59:10  GET /cards/64a6b9fff4b47cda44b1b7fa 404- 2.669 mS
2023/7/06-15:59:10  GET /cards/64a6b9fff4b47cda44b1b7fa 404- 12.877 mS
2023/7/06-15:59:29  GET /cards/64a6b9fff4b47cda44b1b7fa 404- 1.972 mS
2023/7/06-15:59:29  GET /cards/64a6b9fff4b47cda44b1b7fa 404- 10.566 mS
2023/7/06-16:02:27  PUT /cards/64a6b9fff4b47cda44b1b7fa 500- 3.553 mS
2023/7/06-16:05:41  PUT /cards/64a6b9fff4b47cda44b1b7fa 500- 0.388 mS
2023/7/06-16:09:05  PUT /cards/64a6b9fff4b47cda44b1b7fa 500- 4.284 mS
2023/7/06-16:12:13  GET /cards/my-cards 500- 2.788 mS
2023/7/06-16:13:57  PUT /cards/64a6b9fff4b47cda44b1b7fa 400- 26.856 mS
2023/7/06-16:14:27  POST /users/login 500- 0.687 mS
2023/7/06-16:21:03  GET /cards/64a6b9fff4b47cda44b1b7fa 404- 3.092 mS
2023/7/06-16:21:03  GET /cards/64a6b9fff4b47cda44b1b7fa 404- 15.170 mS
2023/7/06-16:22:24  POST /users/login 403- 113.342 mS
2023/7/06-16:22:24  POST /users/login 403- 214.116 mS
2023/7/06-18:34:41  PATCH /users/64a68bc442917c06aedb1eeb 403- 25.249 mS
2023/7/06-18:35:29  PATCH /users/64a68bc442917c06aedb1eeb 403- 51.416 mS
2023/7/06-18:35:42  PATCH /users/64a68bc442917c06aed 403- 15.830 mS
2023/7/06-18:36:17  PATCH /users/64a68bc442917c06aedb1eeb 403- 15.137 mS
2023/7/06-18:45:29  PATCH /users/64a68bc442917c06aedb1eeb 403- 21.302 mS
2023/7/06-19:18:37  GET /cards/64a676760ae540139b2d3aaa 404- 4.573 mS
2023/7/06-19:18:38  GET /cards/64a676760ae540139b2d3aaa 404- 4.175 mS
2023/7/06-19:18:40  GET /cards/64a676760ae540139b2d3aa6 404- 2.977 mS
2023/7/06-19:18:40  GET /cards/64a676760ae540139b2d3aa6 404- 2.296 mS
2023/7/06-19:18:41  GET /cards/64a676760ae540139b2d3aa1 404- 3.466 mS
2023/7/06-19:18:42  GET /cards/64a676760ae540139b2d3aa1 404- 2.637 mS
2023/7/06-19:18:45  GET /cards/64a6b9fff4b47cda44b1b7fa 404- 2.222 mS
2023/7/06-19:18:51  GET /cards/64a676760ae540139b2d3aaa 404- 3.647 mS
2023/7/06-19:18:52  GET /cards/64a6b9fff4b47cda44b1b7fa 404- 2.716 mS
2023/7/06-19:18:53  GET /cards/64a676760ae540139b2d3aa6 404- 2.459 mS
2023/7/06-19:18:55  GET /cards/64a676760ae540139b2d3aa1 404- 2.514 mS
