2023/6/30-12:08:18  POST /users/login 500- 396.679 mS

2023/6/30-12:39:22  POST /cards 401- 42.002 mS
2023/6/30-12:42:11  POST /cards 401- 1.882 mS
2023/6/30-12:46:47  POST /users 500- 409.408 mS
2023/6/30-12:47:05  POST /users 500- 347.629 mS
2023/6/30-13:21:22  PUT /cards/649d469982324a26ea1ad0af 401- 34.963 mS
2023/6/30-13:21:48  PUT /cards/649d469982324a26ea1ad0af 403- 255.708 mS
2023/6/30-13:41:34  PUT /cards/649ea440bd50348e76881904 400- 218.882 mS
2023/6/30-13:43:15  PUT /cards/649ea440bd50348e76881904 400- 254.836 mS
2023/6/30-13:57:50  GET /cards/my-cards 401- 11.401 mS
2023/6/30-14:15:09  PATCH /cards/649ea440bd50348e76881904 401- 4.504 mS
2023/6/30-14:27:52  PATCH /cards/649ea440bd50348e76881904 400- 9.876 mS
2023/6/30-14:30:20  PATCH /cards/649ea440bd50348e76881904 400- 263.420 mS
2023/6/30-14:31:07  PATCH /cards/649ea440bd50348e76881904 400- 269.551 mS
2023/6/30-14:32:10  PATCH /cards/649ea440bd50348e76881904 400- 222.302 mS
2023/6/30-14:33:56  PATCH /cards/649ea440bd50348e76881904 400- 251.833 mS
2023/6/30-15:09:35  PATCH /cards/649ea440bd50348e76881904 400- 250.221 mS
2023/6/30-15:11:44  PATCH /cards/649ea440bd50348e76881904 400- 288.126 mS
2023/6/30-15:12:09  PATCH /cards/649ea440bd50348e76881904 400- 279.391 mS
2023/6/30-15:15:36  POST /users/login 403- 278.418 mS
2023/6/30-15:16:13  POST /users/login 403- 190.816 mS
2023/6/30-15:23:50  DELETE /cards/649af75d5cf2a5db355c35f7 401- 7.500 mS
2023/6/30-15:26:52  DELETE /cards/649af75d5cf2a5db355c35f7 403- 10.209 mS
2023/6/30-15:28:04  DELETE /cards/649af75d5cf2a5db355c35f7 403- 26.756 mS
2023/6/30-15:29:12  DELETE /cards/649af75d5cf2a5db355c35f7 403- 10.392 mS
2023/6/30-15:31:28  DELETE /cards/649af75d5cf2a5db355c35f7 403- 8.455 mS
2023/6/30-15:33:27  DELETE /cards/649af75d5cf2a5db355c35f7 403- 2.822 mS
2023/6/30-15:34:07  DELETE /cards/649af75d5cf2a5db355c35f7 403- 12.162 mS
2023/6/30-15:34:56  DELETE /cards/649ea40cbd50348e768818ff 403- 3.702 mS
2023/6/30-15:35:40  DELETE /cards/649ea40cbd50348e768818ff 403- 12.135 mS
2023/6/30-15:37:04  DELETE /cards/649ea40cbd50348e768818ff 403- 9.809 mS
2023/6/30-15:54:20  GET /users/getUser?id=649ac5bb2a766440a524d530 401- 5.480 mS
2023/6/30-15:55:27  GET /users/getUser 500- 7.932 mS
2023/6/30-15:56:37  GET /users/getUser/649ea4cabd50348e76881912 404- 2.099 mS
2023/6/30-15:56:44  GET /users/getUser/649ea4cabd50348e76881912 404- 1.688 mS
2023/6/30-15:58:37  POST /users/login 400- 47.758 mS
2023/6/30-15:59:02  POST /users/login 403- 229.805 mS
2023/6/30-15:59:34  GET /users/649ea4cabd50348e76881912 500- 2.180 mS
2023/6/30-16:03:08  GET /users/ 401- 5.733 mS
2023/6/30-16:03:52  GET /users/login 500- 5.780 mS
2023/6/30-16:04:12  GET /users 500- 5.992 mS
2023/6/30-16:10:39  POST /users 500- 430.290 mS
2023/6/30-16:10:52  PUT /users/649948a88a2bea214a514fda 401- 5.540 mS
2023/6/30-16:12:19  PUT /users/649948a88a2bea214a514fda 403- 4.607 mS
